<?xml version="1.0" encoding="UTF-8"?>
<!-- Generated by org.testng.reporters.JUnitReportReporter -->
<testsuite skipped="0" hostname="QAPPS02" name="com.testng_framework.Annotations_in_TestNg" tests="1" failures="0" timestamp="31 Aug 2019 06:25:40 GMT" time="0.071" errors="0">
  <testcase name="f" time="0.071" classname="com.testng_framework.Annotations_in_TestNg"/>
</testsuite> <!-- com.testng_framework.Annotations_in_TestNg -->
